# JRE version: Java(TM) SE Runtime Environment (8.0_25-b18) (build 1.8.0_25-b18)
# Java VM: Java HotSpot(TM) 64-Bit Server VM (25.25-b02 mixed mode windows-amd64 compressed oops)
Heap:
 PSYoungGen      total 103424K, used 11977K [0x00000000d5b00000, 0x00000000dc780000, 0x0000000100000000)
  eden space 96768K, 9% used [0x00000000d5b00000,0x00000000d640e5e0,0x00000000db980000)
  from space 6656K, 40% used [0x00000000dc100000,0x00000000dc3a4020,0x00000000dc780000)
  to   space 7168K, 0% used [0x00000000db980000,0x00000000db980000,0x00000000dc080000)
 ParOldGen       total 45568K, used 5359K [0x0000000081000000, 0x0000000083c80000, 0x00000000d5b00000)
  object space 45568K, 11% used [0x0000000081000000,0x000000008153beb8,0x0000000083c80000)
 Metaspace       used 23528K, capacity 23828K, committed 23984K, reserved 1069056K
  class space    used 3368K, capacity 3470K, committed 3504K, reserved 1048576K
GC Heap History (10 events):
Event: 17.644 GC heap before
{Heap before GC invocations=7 (full 0):
 PSYoungGen      total 38400K, used 38321K [0x00000000d5b00000, 0x00000000da800000, 0x0000000100000000)
  eden space 32256K, 100% used [0x00000000d5b00000,0x00000000d7a80000,0x00000000d7a80000)
  from space 6144K, 98% used [0x00000000d8100000,0x00000000d86ec540,0x00000000d8700000)
  to   space 6656K, 0% used [0x00000000d7a80000,0x00000000d7a80000,0x00000000d8100000)
 ParOldGen       total 87552K, used 96K [0x0000000081000000, 0x0000000086580000, 0x00000000d5b00000)
  object space 87552K, 0% used [0x0000000081000000,0x0000000081018000,0x0000000086580000)
 Metaspace       used 20209K, capacity 20502K, committed 20736K, reserved 1067008K
  class space    used 2901K, capacity 2981K, committed 3072K, reserved 1048576K
Event: 17.651 GC heap after
Heap after GC invocations=7 (full 0):
 PSYoungGen      total 38912K, used 2576K [0x00000000d5b00000, 0x00000000da800000, 0x0000000100000000)
  eden space 32256K, 0% used [0x00000000d5b00000,0x00000000d5b00000,0x00000000d7a80000)
  from space 6656K, 38% used [0x00000000d7a80000,0x00000000d7d04370,0x00000000d8100000)
  to   space 7168K, 0% used [0x00000000da100000,0x00000000da100000,0x00000000da800000)
 ParOldGen       total 87552K, used 3685K [0x0000000081000000, 0x0000000086580000, 0x00000000d5b00000)
  object space 87552K, 4% used [0x0000000081000000,0x00000000813996b0,0x0000000086580000)
 Metaspace       used 20209K, capacity 20502K, committed 20736K, reserved 1067008K
  class space    used 2901K, capacity 2981K, committed 3072K, reserved 1048576K
}
Event: 17.829 GC heap before
{Heap before GC invocations=8 (full 0):
 PSYoungGen      total 38912K, used 6591K [0x00000000d5b00000, 0x00000000da800000, 0x0000000100000000)
  eden space 32256K, 12% used [0x00000000d5b00000,0x00000000d5eebc60,0x00000000d7a80000)
  from space 6656K, 38% used [0x00000000d7a80000,0x00000000d7d04370,0x00000000d8100000)
  to   space 7168K, 0% used [0x00000000da100000,0x00000000da100000,0x00000000da800000)
 ParOldGen       total 87552K, used 3685K [0x0000000081000000, 0x0000000086580000, 0x00000000d5b00000)
  object space 87552K, 4% used [0x0000000081000000,0x00000000813996b0,0x0000000086580000)
 Metaspace       used 20826K, capacity 21110K, committed 21296K, reserved 1067008K
  class space    used 2978K, capacity 3077K, committed 3120K, reserved 1048576K
Event: 17.833 GC heap after
Heap after GC invocations=8 (full 0):
 PSYoungGen      total 71680K, used 1376K [0x00000000d5b00000, 0x00000000da800000, 0x0000000100000000)
  eden space 64512K, 0% used [0x00000000d5b00000,0x00000000d5b00000,0x00000000d9a00000)
  from space 7168K, 19% used [0x00000000da100000,0x00000000da258000,0x00000000da800000)
  to   space 7168K, 0% used [0x00000000d9a00000,0x00000000d9a00000,0x00000000da100000)
 ParOldGen       total 87552K, used 4175K [0x0000000081000000, 0x0000000086580000, 0x00000000d5b00000)
  object space 87552K, 4% used [0x0000000081000000,0x0000000081413d10,0x0000000086580000)
 Metaspace       used 20826K, capacity 21110K, committed 21296K, reserved 1067008K
  class space    used 2978K, capacity 3077K, committed 3120K, reserved 1048576K
}
Event: 17.833 GC heap before
{Heap before GC invocations=9 (full 1):
 PSYoungGen      total 71680K, used 1376K [0x00000000d5b00000, 0x00000000da800000, 0x0000000100000000)
  eden space 64512K, 0% used [0x00000000d5b00000,0x00000000d5b00000,0x00000000d9a00000)
  from space 7168K, 19% used [0x00000000da100000,0x00000000da258000,0x00000000da800000)
  to   space 7168K, 0% used [0x00000000d9a00000,0x00000000d9a00000,0x00000000da100000)
 ParOldGen       total 87552K, used 4175K [0x0000000081000000, 0x0000000086580000, 0x00000000d5b00000)
  object space 87552K, 4% used [0x0000000081000000,0x0000000081413d10,0x0000000086580000)
 Metaspace       used 20826K, capacity 21110K, committed 21296K, reserved 1067008K
  class space    used 2978K, capacity 3077K, committed 3120K, reserved 1048576K
Event: 17.897 GC heap after
Heap after GC invocations=9 (full 1):
 PSYoungGen      total 71680K, used 0K [0x00000000d5b00000, 0x00000000da800000, 0x0000000100000000)
  eden space 64512K, 0% used [0x00000000d5b00000,0x00000000d5b00000,0x00000000d9a00000)
  from space 7168K, 0% used [0x00000000da100000,0x00000000da100000,0x00000000da800000)
  to   space 7168K, 0% used [0x00000000d9a00000,0x00000000d9a00000,0x00000000da100000)
 ParOldGen       total 45568K, used 5343K [0x0000000081000000, 0x0000000083c80000, 0x00000000d5b00000)
  object space 45568K, 11% used [0x0000000081000000,0x0000000081537eb8,0x0000000083c80000)
 Metaspace       used 20824K, capacity 21108K, committed 21296K, reserved 1067008K
  class space    used 2977K, capacity 3076K, committed 3120K, reserved 1048576K
}
Event: 18.517 GC heap before
{Heap before GC invocations=10 (full 1):
 PSYoungGen      total 71680K, used 64512K [0x00000000d5b00000, 0x00000000da800000, 0x0000000100000000)
  eden space 64512K, 100% used [0x00000000d5b00000,0x00000000d9a00000,0x00000000d9a00000)
  from space 7168K, 0% used [0x00000000da100000,0x00000000da100000,0x00000000da800000)
  to   space 7168K, 0% used [0x00000000d9a00000,0x00000000d9a00000,0x00000000da100000)
 ParOldGen       total 45568K, used 5343K [0x0000000081000000, 0x0000000083c80000, 0x00000000d5b00000)
  object space 45568K, 11% used [0x0000000081000000,0x0000000081537eb8,0x0000000083c80000)
 Metaspace       used 22479K, capacity 22836K, committed 23088K, reserved 1069056K
  class space    used 3169K, capacity 3268K, committed 3376K, reserved 1048576K
Event: 18.523 GC heap after
Heap after GC invocations=10 (full 1):
 PSYoungGen      total 71680K, used 2789K [0x00000000d5b00000, 0x00000000dc800000, 0x0000000100000000)
  eden space 64512K, 0% used [0x00000000d5b00000,0x00000000d5b00000,0x00000000d9a00000)
  from space 7168K, 38% used [0x00000000d9a00000,0x00000000d9cb9560,0x00000000da100000)
  to   space 7168K, 0% used [0x00000000dc100000,0x00000000dc100000,0x00000000dc800000)
 ParOldGen       total 45568K, used 5351K [0x0000000081000000, 0x0000000083c80000, 0x00000000d5b00000)
  object space 45568K, 11% used [0x0000000081000000,0x0000000081539eb8,0x0000000083c80000)
 Metaspace       used 22479K, capacity 22836K, committed 23088K, reserved 1069056K
  class space    used 3169K, capacity 3268K, committed 3376K, reserved 1048576K
}
Event: 18.845 GC heap before
{Heap before GC invocations=11 (full 1):
 PSYoungGen      total 71680K, used 67301K [0x00000000d5b00000, 0x00000000dc800000, 0x0000000100000000)
  eden space 64512K, 100% used [0x00000000d5b00000,0x00000000d9a00000,0x00000000d9a00000)
  from space 7168K, 38% used [0x00000000d9a00000,0x00000000d9cb9560,0x00000000da100000)
  to   space 7168K, 0% used [0x00000000dc100000,0x00000000dc100000,0x00000000dc800000)
 ParOldGen       total 45568K, used 5351K [0x0000000081000000, 0x0000000083c80000, 0x00000000d5b00000)
  object space 45568K, 11% used [0x0000000081000000,0x0000000081539eb8,0x0000000083c80000)
 Metaspace       used 23238K, capacity 23584K, committed 23984K, reserved 1069056K
  class space    used 3324K, capacity 3430K, committed 3504K, reserved 1048576K
Event: 18.850 GC heap after
Heap after GC invocations=11 (full 1):
 PSYoungGen      total 103424K, used 2704K [0x00000000d5b00000, 0x00000000dc780000, 0x0000000100000000)
  eden space 96768K, 0% used [0x00000000d5b00000,0x00000000d5b00000,0x00000000db980000)
  from space 6656K, 40% used [0x00000000dc100000,0x00000000dc3a4020,0x00000000dc780000)
  to   space 7168K, 0% used [0x00000000db980000,0x00000000db980000,0x00000000dc080000)
 ParOldGen       total 45568K, used 5359K [0x0000000081000000, 0x0000000083c80000, 0x00000000d5b00000)
  object space 45568K, 11% used [0x0000000081000000,0x000000008153beb8,0x0000000083c80000)
 Metaspace       used 23238K, capacity 23584K, committed 23984K, reserved 1069056K
  class space    used 3324K, capacity 3430K, committed 3504K, reserved 1048576K
}

